<?xml version="1.0" encoding="UTF-8"?>
<!-- Generated by org.testng.reporters.JUnitXMLReporter -->
<testsuite ignored="0" hostname="mekbuk.local" failures="0" tests="5" name="Department" time="0.577" errors="0" timestamp="2026-05-06T20:35:16 WIB">
  <testcase classname="com.juaracoding.Department" name="testGetAllDepartments" time="0.132"/>
  <testcase classname="com.juaracoding.Department" name="testAddDepartment" time="0.109"/>
  <testcase classname="com.juaracoding.Department" name="testGetDepartmentById" time="0.108"/>
  <testcase classname="com.juaracoding.Department" name="testUpdateDepartment" time="0.116"/>
  <testcase classname="com.juaracoding.Department" name="testDeleteDepartment" time="0.11"/>
</testsuite> <!-- Department -->
