<?xml version="1.0" encoding="UTF-8"?>
<!-- Generated by org.testng.reporters.JUnitXMLReporter -->
<testsuite ignored="0" hostname="DESKTOP-3TTORD3" failures="0" tests="5" name="Department" time="0.739" errors="0" timestamp="2026-05-06T21:00:09 WIB">
  <testcase classname="com.juaracoding.Department" name="testGetAllDepartments" time="0.185"/>
  <testcase classname="com.juaracoding.Department" name="testAddDepartment" time="0.135"/>
  <testcase classname="com.juaracoding.Department" name="testGetDepartmentById" time="0.169"/>
  <testcase classname="com.juaracoding.Department" name="testUpdateDepartment" time="0.123"/>
  <testcase classname="com.juaracoding.Department" name="testDeleteDepartment" time="0.118"/>
</testsuite> <!-- Department -->
