<?xml version="1.0" encoding="UTF-8"?>
<!-- Generated by org.testng.reporters.JUnitXMLReporter -->
<testsuite ignored="0" hostname="mekbuk.local" failures="0" tests="5" name="Employee" time="1.099" errors="0" timestamp="2026-05-06T20:35:20 WIB">
  <testcase classname="com.juaracoding.Employee" name="testGetEmployee" time="0.107"/>
  <testcase classname="com.juaracoding.Employee" name="testAddEmployee" time="0.116"/>
  <testcase classname="com.juaracoding.Employee" name="testGetEmployeeById" time="0.104"/>
  <testcase classname="com.juaracoding.Employee" name="testUpdateEmployee" time="0.169"/>
  <testcase classname="com.juaracoding.Employee" name="testDeleteEmployee" time="0.129"/>
</testsuite> <!-- Employee -->
