<?xml version="1.0" encoding="UTF-8"?>
<!-- Generated by org.testng.reporters.JUnitXMLReporter -->
<testsuite ignored="0" hostname="DESKTOP-3TTORD3" failures="0" tests="5" name="Employee" time="0.953" errors="0" timestamp="2026-05-06T21:00:13 WIB">
  <testcase classname="com.juaracoding.Employee" name="testGetEmployee" time="0.097"/>
  <testcase classname="com.juaracoding.Employee" name="testAddEmployee" time="0.12"/>
  <testcase classname="com.juaracoding.Employee" name="testGetEmployeeById" time="0.096"/>
  <testcase classname="com.juaracoding.Employee" name="testUpdateEmployee" time="0.113"/>
  <testcase classname="com.juaracoding.Employee" name="testDeleteEmployee" time="0.094"/>
</testsuite> <!-- Employee -->
