<?xml version="1.0" encoding="UTF-8"?>
<!-- Generated by org.testng.reporters.JUnitXMLReporter -->
<testsuite ignored="0" hostname="DESKTOP-3TTORD3" failures="0" tests="5" name="Position" time="0.647" errors="0" timestamp="2026-05-06T21:00:09 WIB">
  <testcase classname="com.juaracoding.Position" name="testGetPosition" time="0.116"/>
  <testcase classname="com.juaracoding.Position" name="testAddPosition" time="0.145"/>
  <testcase classname="com.juaracoding.Position" name="testGetPositionById" time="0.173"/>
  <testcase classname="com.juaracoding.Position" name="testUpdatePosition" time="0.108"/>
  <testcase classname="com.juaracoding.Position" name="testDeletePosition" time="0.097"/>
</testsuite> <!-- Position -->
