<?xml version="1.0" encoding="UTF-8"?>
<!-- Generated by org.testng.reporters.JUnitXMLReporter -->
<testsuite ignored="0" hostname="mekbuk.local" failures="0" tests="5" name="RoleManagement" time="0.838" errors="0" timestamp="2026-05-06T20:35:18 WIB">
  <testcase classname="com.juaracoding.RoleManagement" name="testGetRole" time="0.117"/>
  <testcase classname="com.juaracoding.RoleManagement" name="testCreateRole" time="0.142"/>
  <testcase classname="com.juaracoding.RoleManagement" name="testGetRoleById" time="0.092"/>
  <testcase classname="com.juaracoding.RoleManagement" name="testUpdateRole" time="0.12"/>
  <testcase classname="com.juaracoding.RoleManagement" name="testDeleteRole" time="0.14"/>
</testsuite> <!-- RoleManagement -->
