<?xml version="1.0" encoding="UTF-8"?>
<!-- Generated by org.testng.reporters.JUnitXMLReporter -->
<testsuite ignored="0" hostname="DESKTOP-3TTORD3" failures="0" tests="5" name="RoleManagement" time="0.815" errors="0" timestamp="2026-05-06T21:00:11 WIB">
  <testcase classname="com.juaracoding.RoleManagement" name="testGetRole" time="0.11"/>
  <testcase classname="com.juaracoding.RoleManagement" name="testCreateRole" time="0.146"/>
  <testcase classname="com.juaracoding.RoleManagement" name="testGetRoleById" time="0.099"/>
  <testcase classname="com.juaracoding.RoleManagement" name="testUpdateRole" time="0.129"/>
  <testcase classname="com.juaracoding.RoleManagement" name="testDeleteRole" time="0.1"/>
</testsuite> <!-- RoleManagement -->
