<?xml version="1.0" encoding="UTF-8"?>
<!-- Generated by org.testng.reporters.JUnitXMLReporter -->
<testsuite ignored="0" hostname="mekbuk.local" failures="0" tests="4" name="UserProfile" time="0.458" errors="0" timestamp="2026-05-06T20:35:21 WIB">
  <testcase classname="com.juaracoding.UserProfile" name="testGetProfileAdmin" time="0.107"/>
  <testcase classname="com.juaracoding.UserProfile" name="testGetProfileUser" time="0.099"/>
  <testcase classname="com.juaracoding.UserProfile" name="testGetProfileUnauthorized" time="0.085"/>
  <testcase classname="com.juaracoding.UserProfile" name="testUpdateProfileAdmin" time="0.165"/>
</testsuite> <!-- UserProfile -->
