<?xml version="1.0" encoding="UTF-8"?>
<!-- Generated by org.testng.reporters.JUnitXMLReporter -->
<testsuite ignored="0" hostname="DESKTOP-3TTORD3" failures="0" tests="5" name="UserManagement" time="1.019" errors="0" timestamp="2026-05-06T21:00:12 WIB">
  <testcase classname="com.juaracoding.UserManagement" name="testGetUser" time="0.135"/>
  <testcase classname="com.juaracoding.UserManagement" name="testAddUser" time="0.359"/>
  <testcase classname="com.juaracoding.UserManagement" name="testGetUserById" time="0.099"/>
  <testcase classname="com.juaracoding.UserManagement" name="testUpdateUser" time="0.322"/>
  <testcase classname="com.juaracoding.UserManagement" name="testDeleteUser" time="0.099"/>
</testsuite> <!-- UserManagement -->
