<?xml version="1.0" encoding="UTF-8"?>
<testng-results ignored="0" total="2" passed="0" failed="0" skipped="2">
  <reporter-output>
  </reporter-output>
  <suite started-at="2026-05-05T16:52:18 WIB" name="Surefire suite" finished-at="2026-05-05T16:52:18 WIB" duration-ms="34">
    <groups>
    </groups>
    <test started-at="2026-05-05T16:52:18 WIB" name="Surefire test" finished-at="2026-05-05T16:52:18 WIB" duration-ms="34">
      <class name="com.juaracoding.Authorization">
        <test-method is-config="true" signature="setup()[pri:0, instance:com.juaracoding.Authorization@258e2e41]" started-at="2026-05-05T16:51:02 WIB" name="setup" finished-at="2026-05-05T16:52:18 WIB" duration-ms="75781" status="FAIL">
          <exception class="java.net.ConnectException">
            <message>
              <![CDATA[Operation timed out]]>
            </message>
            <full-stacktrace>
              <![CDATA[java.net.ConnectException: Operation timed out
at java.base/sun.nio.ch.Net.connect0(Native Method)
at java.base/sun.nio.ch.Net.connect(Net.java:546)
at java.base/sun.nio.ch.Net.connect(Net.java:535)
at java.base/sun.nio.ch.NioSocketImpl.connect(NioSocketImpl.java:585)
at java.base/java.net.SocksSocketImpl.connect(SocksSocketImpl.java:284)
at java.base/java.net.Socket.connect(Socket.java:659)
at org.apache.http.conn.ssl.SSLSocketFactory.connectSocket(SSLSocketFactory.java:543)
at org.apache.http.conn.ssl.SSLSocketFactory.connectSocket(SSLSocketFactory.java:415)
at org.apache.http.impl.conn.DefaultClientConnectionOperator.openConnection(DefaultClientConnectionOperator.java:180)
at org.apache.http.impl.conn.ManagedClientConnectionImpl.open(ManagedClientConnectionImpl.java:326)
at org.apache.http.impl.client.DefaultRequestDirector.tryConnect(DefaultRequestDirector.java:605)
at org.apache.http.impl.client.DefaultRequestDirector.execute(DefaultRequestDirector.java:440)
at org.apache.http.impl.client.AbstractHttpClient.doExecute(AbstractHttpClient.java:835)
at org.apache.http.impl.client.CloseableHttpClient.execute(CloseableHttpClient.java:83)
at io.restassured.internal.RestAssuredHttpBuilder.doRequest(RestAssuredHttpBuilder.java:141)
at io.restassured.internal.http.HTTPBuilder.post(HTTPBuilder.java:349)
at org.codehaus.groovy.vmplugin.v8.IndyInterface.fromCache(IndyInterface.java:344)
at io.restassured.internal.RequestSpecificationImpl.sendRequest(RequestSpecificationImpl.groovy:1296)
at java.base/jdk.internal.reflect.DirectMethodHandleAccessor.invoke(DirectMethodHandleAccessor.java:104)
at java.base/java.lang.reflect.Method.invoke(Method.java:565)
at org.codehaus.groovy.reflection.CachedMethod.invoke(CachedMethod.java:338)
at groovy.lang.MetaMethod.doMethodInvoke(MetaMethod.java:274)
at groovy.lang.MetaClassImpl.invokeMethod(MetaClassImpl.java:1240)
at groovy.lang.MetaClassImpl.invokeMethod(MetaClassImpl.java:1013)
at groovy.lang.MetaClassImpl.invokeMethod(MetaClassImpl.java:798)
at groovy.lang.GroovyObject.invokeMethod(GroovyObject.java:39)
at org.codehaus.groovy.vmplugin.v8.IndyInterface.fromCache(IndyInterface.java:344)
at io.restassured.internal.filter.SendRequestFilter.filter(SendRequestFilter.groovy:30)
at org.codehaus.groovy.vmplugin.v8.IndyInterface.fromCache(IndyInterface.java:344)
at io.restassured.internal.filter.FilterContextImpl.next(FilterContextImpl.groovy:73)
at io.restassured.filter.time.TimingFilter.filter(TimingFilter.java:56)
at org.codehaus.groovy.vmplugin.v8.IndyInterface.fromCache(IndyInterface.java:344)
at io.restassured.internal.filter.FilterContextImpl.next(FilterContextImpl.groovy:73)
at org.codehaus.groovy.vmplugin.v8.IndyInterface.fromCache(IndyInterface.java:344)
at io.restassured.internal.filter.CsrfFilter.filter(CsrfFilter.groovy:89)
at org.codehaus.groovy.vmplugin.v8.IndyInterface.fromCache(IndyInterface.java:344)
at io.restassured.internal.filter.FilterContextImpl.next(FilterContextImpl.groovy:73)
at org.codehaus.groovy.vmplugin.v8.IndyInterface.fromCache(IndyInterface.java:344)
at io.restassured.internal.RequestSpecificationImpl.applyPathParamsAndSendRequest(RequestSpecificationImpl.groovy:1791)
at java.base/jdk.internal.reflect.DirectMethodHandleAccessor.invoke(DirectMethodHandleAccessor.java:104)
at java.base/java.lang.reflect.Method.invoke(Method.java:565)
at org.codehaus.groovy.reflection.CachedMethod.invoke(CachedMethod.java:338)
at groovy.lang.MetaMethod.doMethodInvoke(MetaMethod.java:274)
at groovy.lang.MetaClassImpl.invokeMethod(MetaClassImpl.java:1240)
at groovy.lang.MetaClassImpl.invokeMethod(MetaClassImpl.java:1013)
at groovy.lang.MetaClassImpl.invokeMethod(MetaClassImpl.java:798)
at groovy.lang.GroovyObject.invokeMethod(GroovyObject.java:39)
at org.codehaus.groovy.vmplugin.v8.IndyInterface.fromCache(IndyInterface.java:344)
at io.restassured.internal.RequestSpecificationImpl.applyPathParamsAndSendRequest(RequestSpecificationImpl.groovy:1797)
at java.base/jdk.internal.reflect.DirectMethodHandleAccessor.invoke(DirectMethodHandleAccessor.java:104)
at java.base/java.lang.reflect.Method.invoke(Method.java:565)
at org.codehaus.groovy.reflection.CachedMethod.invoke(CachedMethod.java:338)
at groovy.lang.MetaMethod.doMethodInvoke(MetaMethod.java:274)
at groovy.lang.MetaClassImpl.invokeMethod(MetaClassImpl.java:1240)
at groovy.lang.MetaClassImpl.invokeMethod(MetaClassImpl.java:1013)
at groovy.lang.MetaClassImpl.invokeMethod(MetaClassImpl.java:798)
at groovy.lang.GroovyObject.invokeMethod(GroovyObject.java:39)
at java.base/jdk.internal.reflect.DirectMethodHandleAccessor.invoke(DirectMethodHandleAccessor.java:104)
at java.base/java.lang.reflect.Method.invoke(Method.java:565)
at org.codehaus.groovy.reflection.CachedMethod.invoke(CachedMethod.java:338)
at org.codehaus.groovy.runtime.metaclass.TransformMetaMethod.invoke(TransformMetaMethod.java:59)
at org.codehaus.groovy.runtime.metaclass.ClosureMetaClass$1.invoke(ClosureMetaClass.java:217)
at org.codehaus.groovy.runtime.metaclass.TransformMetaMethod.doMethodInvoke(TransformMetaMethod.java:66)
at org.codehaus.groovy.runtime.metaclass.ClosureMetaClass.invokeMethod(ClosureMetaClass.java:318)
at org.codehaus.groovy.vmplugin.v8.IndyInterface.fromCache(IndyInterface.java:344)
at io.restassured.internal.RequestSpecificationImpl$_post_closure2.doCall(RequestSpecificationImpl.groovy:180)
at io.restassured.internal.RequestSpecificationImpl$_post_closure2.doCall(RequestSpecificationImpl.groovy)
at java.base/jdk.internal.reflect.DirectMethodHandleAccessor.invoke(DirectMethodHandleAccessor.java:104)
at java.base/java.lang.reflect.Method.invoke(Method.java:565)
at org.codehaus.groovy.reflection.CachedMethod.invoke(CachedMethod.java:338)
at groovy.lang.MetaMethod.doMethodInvoke(MetaMethod.java:274)
at org.codehaus.groovy.runtime.metaclass.ClosureMetaClass.invokeMethod(ClosureMetaClass.java:270)
at groovy.lang.MetaClassImpl.invokeMethod(MetaClassImpl.java:1013)
at groovy.lang.Closure.call(Closure.java:471)
at org.codehaus.groovy.runtime.ConvertedClosure.invokeCustom(ConvertedClosure.java:54)
at org.codehaus.groovy.runtime.ConversionHandler.invoke(ConversionHandler.java:114)
at jdk.proxy1/jdk.proxy1.$Proxy10.get(Unknown Source)
at io.restassured.internal.assertbridge.GroovyAssertBridge.runWithUnwrap(GroovyAssertBridge.java:46)
at org.codehaus.groovy.vmplugin.v8.IndyInterface.fromCache(IndyInterface.java:344)
at io.restassured.internal.RequestSpecificationImpl.post(RequestSpecificationImpl.groovy:179)
at io.restassured.internal.RequestSpecificationImpl.post(RequestSpecificationImpl.groovy)
at com.juaracoding.BaseTest.setup(BaseTest.java:43)
at java.base/jdk.internal.reflect.DirectMethodHandleAccessor.invoke(DirectMethodHandleAccessor.java:104)
at java.base/java.lang.reflect.Method.invoke(Method.java:565)
at org.testng.internal.invokers.MethodInvocationHelper.invokeMethod(MethodInvocationHelper.java:141)
at org.testng.internal.invokers.MethodInvocationHelper.invokeMethodConsideringTimeout(MethodInvocationHelper.java:71)
at org.testng.internal.invokers.ConfigInvoker.invokeConfigurationMethod(ConfigInvoker.java:400)
at org.testng.internal.invokers.ConfigInvoker.invokeConfigurations(ConfigInvoker.java:333)
at org.testng.SuiteRunner.privateRun(SuiteRunner.java:358)
at org.testng.SuiteRunner.run(SuiteRunner.java:312)
at org.testng.SuiteRunnerWorker.runSuite(SuiteRunnerWorker.java:52)
at org.testng.SuiteRunnerWorker.run(SuiteRunnerWorker.java:95)
at org.testng.TestNG.runSuitesSequentially(TestNG.java:1274)
at org.testng.TestNG.runSuitesLocally(TestNG.java:1208)
at org.testng.TestNG.runSuites(TestNG.java:1112)
at org.testng.TestNG.run(TestNG.java:1079)
at org.apache.maven.surefire.testng.TestNGExecutor.run(TestNGExecutor.java:155)
at org.apache.maven.surefire.testng.TestNGDirectoryTestSuite.executeSingleClass(TestNGDirectoryTestSuite.java:102)
at org.apache.maven.surefire.testng.TestNGDirectoryTestSuite.execute(TestNGDirectoryTestSuite.java:91)
at org.apache.maven.surefire.testng.TestNGProvider.invoke(TestNGProvider.java:137)
at org.apache.maven.surefire.booter.ForkedBooter.runSuitesInProcess(ForkedBooter.java:385)
at org.apache.maven.surefire.booter.ForkedBooter.execute(ForkedBooter.java:162)
at org.apache.maven.surefire.booter.ForkedBooter.run(ForkedBooter.java:507)
at org.apache.maven.surefire.booter.ForkedBooter.main(ForkedBooter.java:495)
]]>
            </full-stacktrace>
          </exception> <!-- java.net.ConnectException -->
          <reporter-output>
          </reporter-output>
        </test-method> <!-- setup -->
        <test-method signature="testLoginAdmin()[pri:1, instance:com.juaracoding.Authorization@258e2e41]" started-at="2026-05-05T16:52:18 WIB" name="testLoginAdmin" description="login admin success" finished-at="2026-05-05T16:52:18 WIB" duration-ms="0" status="SKIP">
          <exception class="java.net.ConnectException">
            <message>
              <![CDATA[Operation timed out]]>
            </message>
            <full-stacktrace>
              <![CDATA[java.net.ConnectException: Operation timed out
at java.base/sun.nio.ch.Net.connect0(Native Method)
at java.base/sun.nio.ch.Net.connect(Net.java:546)
at java.base/sun.nio.ch.Net.connect(Net.java:535)
at java.base/sun.nio.ch.NioSocketImpl.connect(NioSocketImpl.java:585)
at java.base/java.net.SocksSocketImpl.connect(SocksSocketImpl.java:284)
at java.base/java.net.Socket.connect(Socket.java:659)
at org.apache.http.conn.ssl.SSLSocketFactory.connectSocket(SSLSocketFactory.java:543)
at org.apache.http.conn.ssl.SSLSocketFactory.connectSocket(SSLSocketFactory.java:415)
at org.apache.http.impl.conn.DefaultClientConnectionOperator.openConnection(DefaultClientConnectionOperator.java:180)
at org.apache.http.impl.conn.ManagedClientConnectionImpl.open(ManagedClientConnectionImpl.java:326)
at org.apache.http.impl.client.DefaultRequestDirector.tryConnect(DefaultRequestDirector.java:605)
at org.apache.http.impl.client.DefaultRequestDirector.execute(DefaultRequestDirector.java:440)
at org.apache.http.impl.client.AbstractHttpClient.doExecute(AbstractHttpClient.java:835)
at org.apache.http.impl.client.CloseableHttpClient.execute(CloseableHttpClient.java:83)
at io.restassured.internal.RestAssuredHttpBuilder.doRequest(RestAssuredHttpBuilder.java:141)
at io.restassured.internal.http.HTTPBuilder.post(HTTPBuilder.java:349)
at org.codehaus.groovy.vmplugin.v8.IndyInterface.fromCache(IndyInterface.java:344)
at io.restassured.internal.RequestSpecificationImpl.sendRequest(RequestSpecificationImpl.groovy:1296)
at java.base/jdk.internal.reflect.DirectMethodHandleAccessor.invoke(DirectMethodHandleAccessor.java:104)
at java.base/java.lang.reflect.Method.invoke(Method.java:565)
at org.codehaus.groovy.reflection.CachedMethod.invoke(CachedMethod.java:338)
at groovy.lang.MetaMethod.doMethodInvoke(MetaMethod.java:274)
at groovy.lang.MetaClassImpl.invokeMethod(MetaClassImpl.java:1240)
at groovy.lang.MetaClassImpl.invokeMethod(MetaClassImpl.java:1013)
at groovy.lang.MetaClassImpl.invokeMethod(MetaClassImpl.java:798)
at groovy.lang.GroovyObject.invokeMethod(GroovyObject.java:39)
at org.codehaus.groovy.vmplugin.v8.IndyInterface.fromCache(IndyInterface.java:344)
at io.restassured.internal.filter.SendRequestFilter.filter(SendRequestFilter.groovy:30)
at org.codehaus.groovy.vmplugin.v8.IndyInterface.fromCache(IndyInterface.java:344)
at io.restassured.internal.filter.FilterContextImpl.next(FilterContextImpl.groovy:73)
at io.restassured.filter.time.TimingFilter.filter(TimingFilter.java:56)
at org.codehaus.groovy.vmplugin.v8.IndyInterface.fromCache(IndyInterface.java:344)
at io.restassured.internal.filter.FilterContextImpl.next(FilterContextImpl.groovy:73)
at org.codehaus.groovy.vmplugin.v8.IndyInterface.fromCache(IndyInterface.java:344)
at io.restassured.internal.filter.CsrfFilter.filter(CsrfFilter.groovy:89)
at org.codehaus.groovy.vmplugin.v8.IndyInterface.fromCache(IndyInterface.java:344)
at io.restassured.internal.filter.FilterContextImpl.next(FilterContextImpl.groovy:73)
at org.codehaus.groovy.vmplugin.v8.IndyInterface.fromCache(IndyInterface.java:344)
at io.restassured.internal.RequestSpecificationImpl.applyPathParamsAndSendRequest(RequestSpecificationImpl.groovy:1791)
at java.base/jdk.internal.reflect.DirectMethodHandleAccessor.invoke(DirectMethodHandleAccessor.java:104)
at java.base/java.lang.reflect.Method.invoke(Method.java:565)
at org.codehaus.groovy.reflection.CachedMethod.invoke(CachedMethod.java:338)
at groovy.lang.MetaMethod.doMethodInvoke(MetaMethod.java:274)
at groovy.lang.MetaClassImpl.invokeMethod(MetaClassImpl.java:1240)
at groovy.lang.MetaClassImpl.invokeMethod(MetaClassImpl.java:1013)
at groovy.lang.MetaClassImpl.invokeMethod(MetaClassImpl.java:798)
at groovy.lang.GroovyObject.invokeMethod(GroovyObject.java:39)
at org.codehaus.groovy.vmplugin.v8.IndyInterface.fromCache(IndyInterface.java:344)
at io.restassured.internal.RequestSpecificationImpl.applyPathParamsAndSendRequest(RequestSpecificationImpl.groovy:1797)
at java.base/jdk.internal.reflect.DirectMethodHandleAccessor.invoke(DirectMethodHandleAccessor.java:104)
at java.base/java.lang.reflect.Method.invoke(Method.java:565)
at org.codehaus.groovy.reflection.CachedMethod.invoke(CachedMethod.java:338)
at groovy.lang.MetaMethod.doMethodInvoke(MetaMethod.java:274)
at groovy.lang.MetaClassImpl.invokeMethod(MetaClassImpl.java:1240)
at groovy.lang.MetaClassImpl.invokeMethod(MetaClassImpl.java:1013)
at groovy.lang.MetaClassImpl.invokeMethod(MetaClassImpl.java:798)
at groovy.lang.GroovyObject.invokeMethod(GroovyObject.java:39)
at java.base/jdk.internal.reflect.DirectMethodHandleAccessor.invoke(DirectMethodHandleAccessor.java:104)
at java.base/java.lang.reflect.Method.invoke(Method.java:565)
at org.codehaus.groovy.reflection.CachedMethod.invoke(CachedMethod.java:338)
at org.codehaus.groovy.runtime.metaclass.TransformMetaMethod.invoke(TransformMetaMethod.java:59)
at org.codehaus.groovy.runtime.metaclass.ClosureMetaClass$1.invoke(ClosureMetaClass.java:217)
at org.codehaus.groovy.runtime.metaclass.TransformMetaMethod.doMethodInvoke(TransformMetaMethod.java:66)
at org.codehaus.groovy.runtime.metaclass.ClosureMetaClass.invokeMethod(ClosureMetaClass.java:318)
at org.codehaus.groovy.vmplugin.v8.IndyInterface.fromCache(IndyInterface.java:344)
at io.restassured.internal.RequestSpecificationImpl$_post_closure2.doCall(RequestSpecificationImpl.groovy:180)
at io.restassured.internal.RequestSpecificationImpl$_post_closure2.doCall(RequestSpecificationImpl.groovy)
at java.base/jdk.internal.reflect.DirectMethodHandleAccessor.invoke(DirectMethodHandleAccessor.java:104)
at java.base/java.lang.reflect.Method.invoke(Method.java:565)
at org.codehaus.groovy.reflection.CachedMethod.invoke(CachedMethod.java:338)
at groovy.lang.MetaMethod.doMethodInvoke(MetaMethod.java:274)
at org.codehaus.groovy.runtime.metaclass.ClosureMetaClass.invokeMethod(ClosureMetaClass.java:270)
at groovy.lang.MetaClassImpl.invokeMethod(MetaClassImpl.java:1013)
at groovy.lang.Closure.call(Closure.java:471)
at org.codehaus.groovy.runtime.ConvertedClosure.invokeCustom(ConvertedClosure.java:54)
at org.codehaus.groovy.runtime.ConversionHandler.invoke(ConversionHandler.java:114)
at jdk.proxy1/jdk.proxy1.$Proxy10.get(Unknown Source)
at io.restassured.internal.assertbridge.GroovyAssertBridge.runWithUnwrap(GroovyAssertBridge.java:46)
at org.codehaus.groovy.vmplugin.v8.IndyInterface.fromCache(IndyInterface.java:344)
at io.restassured.internal.RequestSpecificationImpl.post(RequestSpecificationImpl.groovy:179)
at io.restassured.internal.RequestSpecificationImpl.post(RequestSpecificationImpl.groovy)
at com.juaracoding.BaseTest.setup(BaseTest.java:43)
at java.base/jdk.internal.reflect.DirectMethodHandleAccessor.invoke(DirectMethodHandleAccessor.java:104)
at java.base/java.lang.reflect.Method.invoke(Method.java:565)
at org.testng.internal.invokers.MethodInvocationHelper.invokeMethod(MethodInvocationHelper.java:141)
at org.testng.internal.invokers.MethodInvocationHelper.invokeMethodConsideringTimeout(MethodInvocationHelper.java:71)
at org.testng.internal.invokers.ConfigInvoker.invokeConfigurationMethod(ConfigInvoker.java:400)
at org.testng.internal.invokers.ConfigInvoker.invokeConfigurations(ConfigInvoker.java:333)
at org.testng.SuiteRunner.privateRun(SuiteRunner.java:358)
at org.testng.SuiteRunner.run(SuiteRunner.java:312)
at org.testng.SuiteRunnerWorker.runSuite(SuiteRunnerWorker.java:52)
at org.testng.SuiteRunnerWorker.run(SuiteRunnerWorker.java:95)
at org.testng.TestNG.runSuitesSequentially(TestNG.java:1274)
at org.testng.TestNG.runSuitesLocally(TestNG.java:1208)
at org.testng.TestNG.runSuites(TestNG.java:1112)
at org.testng.TestNG.run(TestNG.java:1079)
at org.apache.maven.surefire.testng.TestNGExecutor.run(TestNGExecutor.java:155)
at org.apache.maven.surefire.testng.TestNGDirectoryTestSuite.executeSingleClass(TestNGDirectoryTestSuite.java:102)
at org.apache.maven.surefire.testng.TestNGDirectoryTestSuite.execute(TestNGDirectoryTestSuite.java:91)
at org.apache.maven.surefire.testng.TestNGProvider.invoke(TestNGProvider.java:137)
at org.apache.maven.surefire.booter.ForkedBooter.runSuitesInProcess(ForkedBooter.java:385)
at org.apache.maven.surefire.booter.ForkedBooter.execute(ForkedBooter.java:162)
at org.apache.maven.surefire.booter.ForkedBooter.run(ForkedBooter.java:507)
at org.apache.maven.surefire.booter.ForkedBooter.main(ForkedBooter.java:495)
]]>
            </full-stacktrace>
          </exception> <!-- java.net.ConnectException -->
          <reporter-output>
          </reporter-output>
        </test-method> <!-- testLoginAdmin -->
        <test-method signature="testLoginUser()[pri:2, instance:com.juaracoding.Authorization@258e2e41]" started-at="2026-05-05T16:52:18 WIB" name="testLoginUser" description="login user success" finished-at="2026-05-05T16:52:18 WIB" duration-ms="0" status="SKIP">
          <exception class="java.net.ConnectException">
            <message>
              <![CDATA[Operation timed out]]>
            </message>
            <full-stacktrace>
              <![CDATA[java.net.ConnectException: Operation timed out
at java.base/sun.nio.ch.Net.connect0(Native Method)
at java.base/sun.nio.ch.Net.connect(Net.java:546)
at java.base/sun.nio.ch.Net.connect(Net.java:535)
at java.base/sun.nio.ch.NioSocketImpl.connect(NioSocketImpl.java:585)
at java.base/java.net.SocksSocketImpl.connect(SocksSocketImpl.java:284)
at java.base/java.net.Socket.connect(Socket.java:659)
at org.apache.http.conn.ssl.SSLSocketFactory.connectSocket(SSLSocketFactory.java:543)
at org.apache.http.conn.ssl.SSLSocketFactory.connectSocket(SSLSocketFactory.java:415)
at org.apache.http.impl.conn.DefaultClientConnectionOperator.openConnection(DefaultClientConnectionOperator.java:180)
at org.apache.http.impl.conn.ManagedClientConnectionImpl.open(ManagedClientConnectionImpl.java:326)
at org.apache.http.impl.client.DefaultRequestDirector.tryConnect(DefaultRequestDirector.java:605)
at org.apache.http.impl.client.DefaultRequestDirector.execute(DefaultRequestDirector.java:440)
at org.apache.http.impl.client.AbstractHttpClient.doExecute(AbstractHttpClient.java:835)
at org.apache.http.impl.client.CloseableHttpClient.execute(CloseableHttpClient.java:83)
at io.restassured.internal.RestAssuredHttpBuilder.doRequest(RestAssuredHttpBuilder.java:141)
at io.restassured.internal.http.HTTPBuilder.post(HTTPBuilder.java:349)
at org.codehaus.groovy.vmplugin.v8.IndyInterface.fromCache(IndyInterface.java:344)
at io.restassured.internal.RequestSpecificationImpl.sendRequest(RequestSpecificationImpl.groovy:1296)
at java.base/jdk.internal.reflect.DirectMethodHandleAccessor.invoke(DirectMethodHandleAccessor.java:104)
at java.base/java.lang.reflect.Method.invoke(Method.java:565)
at org.codehaus.groovy.reflection.CachedMethod.invoke(CachedMethod.java:338)
at groovy.lang.MetaMethod.doMethodInvoke(MetaMethod.java:274)
at groovy.lang.MetaClassImpl.invokeMethod(MetaClassImpl.java:1240)
at groovy.lang.MetaClassImpl.invokeMethod(MetaClassImpl.java:1013)
at groovy.lang.MetaClassImpl.invokeMethod(MetaClassImpl.java:798)
at groovy.lang.GroovyObject.invokeMethod(GroovyObject.java:39)
at org.codehaus.groovy.vmplugin.v8.IndyInterface.fromCache(IndyInterface.java:344)
at io.restassured.internal.filter.SendRequestFilter.filter(SendRequestFilter.groovy:30)
at org.codehaus.groovy.vmplugin.v8.IndyInterface.fromCache(IndyInterface.java:344)
at io.restassured.internal.filter.FilterContextImpl.next(FilterContextImpl.groovy:73)
at io.restassured.filter.time.TimingFilter.filter(TimingFilter.java:56)
at org.codehaus.groovy.vmplugin.v8.IndyInterface.fromCache(IndyInterface.java:344)
at io.restassured.internal.filter.FilterContextImpl.next(FilterContextImpl.groovy:73)
at org.codehaus.groovy.vmplugin.v8.IndyInterface.fromCache(IndyInterface.java:344)
at io.restassured.internal.filter.CsrfFilter.filter(CsrfFilter.groovy:89)
at org.codehaus.groovy.vmplugin.v8.IndyInterface.fromCache(IndyInterface.java:344)
at io.restassured.internal.filter.FilterContextImpl.next(FilterContextImpl.groovy:73)
at org.codehaus.groovy.vmplugin.v8.IndyInterface.fromCache(IndyInterface.java:344)
at io.restassured.internal.RequestSpecificationImpl.applyPathParamsAndSendRequest(RequestSpecificationImpl.groovy:1791)
at java.base/jdk.internal.reflect.DirectMethodHandleAccessor.invoke(DirectMethodHandleAccessor.java:104)
at java.base/java.lang.reflect.Method.invoke(Method.java:565)
at org.codehaus.groovy.reflection.CachedMethod.invoke(CachedMethod.java:338)
at groovy.lang.MetaMethod.doMethodInvoke(MetaMethod.java:274)
at groovy.lang.MetaClassImpl.invokeMethod(MetaClassImpl.java:1240)
at groovy.lang.MetaClassImpl.invokeMethod(MetaClassImpl.java:1013)
at groovy.lang.MetaClassImpl.invokeMethod(MetaClassImpl.java:798)
at groovy.lang.GroovyObject.invokeMethod(GroovyObject.java:39)
at org.codehaus.groovy.vmplugin.v8.IndyInterface.fromCache(IndyInterface.java:344)
at io.restassured.internal.RequestSpecificationImpl.applyPathParamsAndSendRequest(RequestSpecificationImpl.groovy:1797)
at java.base/jdk.internal.reflect.DirectMethodHandleAccessor.invoke(DirectMethodHandleAccessor.java:104)
at java.base/java.lang.reflect.Method.invoke(Method.java:565)
at org.codehaus.groovy.reflection.CachedMethod.invoke(CachedMethod.java:338)
at groovy.lang.MetaMethod.doMethodInvoke(MetaMethod.java:274)
at groovy.lang.MetaClassImpl.invokeMethod(MetaClassImpl.java:1240)
at groovy.lang.MetaClassImpl.invokeMethod(MetaClassImpl.java:1013)
at groovy.lang.MetaClassImpl.invokeMethod(MetaClassImpl.java:798)
at groovy.lang.GroovyObject.invokeMethod(GroovyObject.java:39)
at java.base/jdk.internal.reflect.DirectMethodHandleAccessor.invoke(DirectMethodHandleAccessor.java:104)
at java.base/java.lang.reflect.Method.invoke(Method.java:565)
at org.codehaus.groovy.reflection.CachedMethod.invoke(CachedMethod.java:338)
at org.codehaus.groovy.runtime.metaclass.TransformMetaMethod.invoke(TransformMetaMethod.java:59)
at org.codehaus.groovy.runtime.metaclass.ClosureMetaClass$1.invoke(ClosureMetaClass.java:217)
at org.codehaus.groovy.runtime.metaclass.TransformMetaMethod.doMethodInvoke(TransformMetaMethod.java:66)
at org.codehaus.groovy.runtime.metaclass.ClosureMetaClass.invokeMethod(ClosureMetaClass.java:318)
at org.codehaus.groovy.vmplugin.v8.IndyInterface.fromCache(IndyInterface.java:344)
at io.restassured.internal.RequestSpecificationImpl$_post_closure2.doCall(RequestSpecificationImpl.groovy:180)
at io.restassured.internal.RequestSpecificationImpl$_post_closure2.doCall(RequestSpecificationImpl.groovy)
at java.base/jdk.internal.reflect.DirectMethodHandleAccessor.invoke(DirectMethodHandleAccessor.java:104)
at java.base/java.lang.reflect.Method.invoke(Method.java:565)
at org.codehaus.groovy.reflection.CachedMethod.invoke(CachedMethod.java:338)
at groovy.lang.MetaMethod.doMethodInvoke(MetaMethod.java:274)
at org.codehaus.groovy.runtime.metaclass.ClosureMetaClass.invokeMethod(ClosureMetaClass.java:270)
at groovy.lang.MetaClassImpl.invokeMethod(MetaClassImpl.java:1013)
at groovy.lang.Closure.call(Closure.java:471)
at org.codehaus.groovy.runtime.ConvertedClosure.invokeCustom(ConvertedClosure.java:54)
at org.codehaus.groovy.runtime.ConversionHandler.invoke(ConversionHandler.java:114)
at jdk.proxy1/jdk.proxy1.$Proxy10.get(Unknown Source)
at io.restassured.internal.assertbridge.GroovyAssertBridge.runWithUnwrap(GroovyAssertBridge.java:46)
at org.codehaus.groovy.vmplugin.v8.IndyInterface.fromCache(IndyInterface.java:344)
at io.restassured.internal.RequestSpecificationImpl.post(RequestSpecificationImpl.groovy:179)
at io.restassured.internal.RequestSpecificationImpl.post(RequestSpecificationImpl.groovy)
at com.juaracoding.BaseTest.setup(BaseTest.java:43)
at java.base/jdk.internal.reflect.DirectMethodHandleAccessor.invoke(DirectMethodHandleAccessor.java:104)
at java.base/java.lang.reflect.Method.invoke(Method.java:565)
at org.testng.internal.invokers.MethodInvocationHelper.invokeMethod(MethodInvocationHelper.java:141)
at org.testng.internal.invokers.MethodInvocationHelper.invokeMethodConsideringTimeout(MethodInvocationHelper.java:71)
at org.testng.internal.invokers.ConfigInvoker.invokeConfigurationMethod(ConfigInvoker.java:400)
at org.testng.internal.invokers.ConfigInvoker.invokeConfigurations(ConfigInvoker.java:333)
at org.testng.SuiteRunner.privateRun(SuiteRunner.java:358)
at org.testng.SuiteRunner.run(SuiteRunner.java:312)
at org.testng.SuiteRunnerWorker.runSuite(SuiteRunnerWorker.java:52)
at org.testng.SuiteRunnerWorker.run(SuiteRunnerWorker.java:95)
at org.testng.TestNG.runSuitesSequentially(TestNG.java:1274)
at org.testng.TestNG.runSuitesLocally(TestNG.java:1208)
at org.testng.TestNG.runSuites(TestNG.java:1112)
at org.testng.TestNG.run(TestNG.java:1079)
at org.apache.maven.surefire.testng.TestNGExecutor.run(TestNGExecutor.java:155)
at org.apache.maven.surefire.testng.TestNGDirectoryTestSuite.executeSingleClass(TestNGDirectoryTestSuite.java:102)
at org.apache.maven.surefire.testng.TestNGDirectoryTestSuite.execute(TestNGDirectoryTestSuite.java:91)
at org.apache.maven.surefire.testng.TestNGProvider.invoke(TestNGProvider.java:137)
at org.apache.maven.surefire.booter.ForkedBooter.runSuitesInProcess(ForkedBooter.java:385)
at org.apache.maven.surefire.booter.ForkedBooter.execute(ForkedBooter.java:162)
at org.apache.maven.surefire.booter.ForkedBooter.run(ForkedBooter.java:507)
at org.apache.maven.surefire.booter.ForkedBooter.main(ForkedBooter.java:495)
]]>
            </full-stacktrace>
          </exception> <!-- java.net.ConnectException -->
          <reporter-output>
          </reporter-output>
        </test-method> <!-- testLoginUser -->
      </class> <!-- com.juaracoding.Authorization -->
    </test> <!-- Surefire test -->
  </suite> <!-- Surefire suite -->
</testng-results>
