<?xml version="1.0" encoding="UTF-8"?>
<testsuite xmlns:xsi="http://www.w3.org/2001/XMLSchema-instance" xsi:noNamespaceSchemaLocation="https://maven.apache.org/surefire/maven-surefire-plugin/xsd/surefire-test-report.xsd" version="3.0.1" name="TestSuite" time="13.683" tests="36" errors="0" skipped="0" failures="0">
  <properties>
[...]
</properties>
  <testcase name="testLoginAdmin" classname="com.juaracoding.Authorization" time="0.446">
    <system-out><![CDATA[...
... TestNG 7.12.0 by Cédric Beust (cedric@beust.com)
...

=== Login sukses, token didapat ===
user token: eyJhbGciOiJIUzI1NiJ9.eyJzdWIiOiJ1c2VyQHB0ZGlrYS5jb20iLCJleHAiOjE3NzgxNjI0MDgsImlhdCI6MTc3ODA3NjAwOCwianRpIjoiZDdmMjQ1ZTktM2FjMS00MjQ3LWI5MDctY2QxZDBjMTFjZmUzIiwicm9sZXMiOiJST0xFX1VTRVIsY29yZTpyZWFkLGhyaXM6cmVhZCxGQUNUT1JfUEFTU1dPUkQifQ.VE-BODXLzGLKLLuF3qkh1DjHpG3WZbMuhHi_kaSWqCc
login admin
success: true
message: Login successful
]]></system-out>
    <system-err><![CDATA[SLF4J(W): No SLF4J providers were found.
SLF4J(W): Defaulting to no-operation (NOP) logger implementation
SLF4J(W): See https://www.slf4j.org/codes.html#noProviders for further details.
]]></system-err>
  </testcase>
  <testcase name="testLoginUser" classname="com.juaracoding.Authorization" time="0.321">
    <system-out><![CDATA[login user
success: true
]]></system-out>
  </testcase>
  <testcase name="testGetAllDepartments" classname="com.juaracoding.Department" time="0.194">
    <system-out><![CDATA[{
    "success": true,
    "message": "Departments fetched successfully",
    "data": {
        "pageInfo": {
            "totalElements": 1,
            "totalPages": 1,
            "currentPage": 1,
            "pageSize": 10
        },
        "content": [
            {
                "description": "QA Department for Software Testing",
                "id": "5fbbe2c1-6b5b-4a5a-8962-ef40ae58e17e",
                "name": "Quality Assurance 1778062354826"
            }
        ]
    }
}
]]></system-out>
  </testcase>
  <testcase name="testAddDepartment" classname="com.juaracoding.Department" time="0.132">
    <system-out><![CDATA[add data department
{
    "success": true,
    "message": "Department created successfully",
    "data": {
        "description": "Menjadi pengendali teknologi informasi di perusahaan",
        "id": "648e1715-56e7-479b-8eac-b4750e6a8aab",
        "name": "IT Department1778076008386"
    }
}
ID Departemen yang didapat: 648e1715-56e7-479b-8eac-b4750e6a8aab
]]></system-out>
  </testcase>
  <testcase name="testGetDepartmentById" classname="com.juaracoding.Department" time="0.195">
    <system-out><![CDATA[{
    "success": true,
    "message": "Department fetched successfully",
    "data": {
        "description": "Menjadi pengendali teknologi informasi di perusahaan",
        "id": "648e1715-56e7-479b-8eac-b4750e6a8aab",
        "name": "IT Department1778076008386"
    }
}
]]></system-out>
  </testcase>
  <testcase name="testUpdateDepartment" classname="com.juaracoding.Department" time="0.183">
    <system-out><![CDATA[{
    "success": true,
    "message": "Department updated successfully",
    "data": {
        "description": "Deskripsi baru untuk IT Department",
        "id": "648e1715-56e7-479b-8eac-b4750e6a8aab",
        "name": "IT Department Updated1778076008693"
    }
}
]]></system-out>
  </testcase>
  <testcase name="testDeleteDepartment" classname="com.juaracoding.Department" time="0.108">
    <system-out><![CDATA[{
    "success": true,
    "message": "Department deleted successfully",
    "data": null
}
]]></system-out>
  </testcase>
  <testcase name="testGetPosition" classname="com.juaracoding.Position" time="0.134">
    <system-out><![CDATA[{
    "success": true,
    "message": "Positions fetched successfully",
    "data": {
        "pageInfo": {
            "totalElements": 3,
            "totalPages": 1,
            "currentPage": 1,
            "pageSize": 10
        },
        "content": [
            {
                "description": "Medasdasfdsfdjsfsdfsd",
                "id": "5ed7f5b2-2b3d-4879-a2f1-8ebbd0f8193c",
                "name": "QA Engineer"
            },
            {
                "description": "Responsible for automated API and UI testing",
                "id": "5a60832b-fef1-4aff-bbd2-180cd38e6045",
                "name": "QA Automation Engineer 1778063912556"
            },
            {
                "description": "Responsible for automated API and UI testing",
                "id": "ba4b5dde-fc69-4853-a250-dc00c8a6bada",
                "name": "QA Automation Engineer 1778063869779"
            }
        ]
    }
}
]]></system-out>
  </testcase>
  <testcase name="testAddPosition" classname="com.juaracoding.Position" time="0.156">
    <system-out><![CDATA[{
    "success": true,
    "message": "Position created successfully",
    "data": {
        "description": "Bertanggung jawab untuk mengendalikan elemen visual dan interaktif pada aplikasi",
        "id": "8d149a56-cf7a-41d5-b182-c272838a1f68",
        "name": "UI Engineer1778076009188"
    }
}
ID Position yang didapat: 8d149a56-cf7a-41d5-b182-c272838a1f68
]]></system-out>
  </testcase>
  <testcase name="testGetPositionById" classname="com.juaracoding.Position" time="0.148">
    <system-out><![CDATA[{
    "success": true,
    "message": "Position fetched successfully",
    "data": {
        "description": "Bertanggung jawab untuk mengendalikan elemen visual dan interaktif pada aplikasi",
        "id": "8d149a56-cf7a-41d5-b182-c272838a1f68",
        "name": "UI Engineer1778076009188"
    }
}
]]></system-out>
  </testcase>
  <testcase name="testUpdatePosition" classname="com.juaracoding.Position" time="0.338">
    <system-out><![CDATA[{
    "success": true,
    "message": "Position updated successfully",
    "data": {
        "description": "Bertanggung jawab untuk mengendalikan elemen visual dan interaktif pada aplikasi, termasuk pembaruan terbaru.",
        "id": "8d149a56-cf7a-41d5-b182-c272838a1f68",
        "name": "UI Engineer Updated1778076009510"
    }
}
]]></system-out>
  </testcase>
  <testcase name="testDeletePosition" classname="com.juaracoding.Position" time="0.077">
    <system-out><![CDATA[{
    "success": true,
    "message": "Position deleted successfully",
    "data": null
}
]]></system-out>
  </testcase>
  <testcase name="testGetPermission" classname="com.juaracoding.PermissionManagement" time="0.083">
    <system-out><![CDATA[{
    "success": true,
    "message": "Permissions fetched successfully",
    "data": {
        "totalItems": 8,
        "data": [
            {
                "id": "198b4c62-d820-423e-8943-c84059e45d48",
                "name": "core:delete",
                "resource": null,
                "action": null,
                "description": "Permission to delete core"
            },
            {
                "id": "cd7be85d-424a-40d2-9f6f-156a8849570f",
                "name": "core:update",
                "resource": null,
                "action": null,
                "description": "Permission to update core"
            },
            {
                "id": "99556626-66f7-4371-9bf8-cc2cf561a539",
                "name": "core:create",
                "resource": null,
                "action": null,
                "description": "Permission to create core"
            },
            {
                "id": "1df7be4b-2dbe-48a9-862b-4e3a99963f67",
                "name": "core:read",
                "resource": null,
                "action": null,
                "description": "Permission to read core"
            },
            {
                "id": "264c8af9-096f-4936-a87d-55e9260ee828",
                "name": "hris:delete",
                "resource": null,
                "action": null,
                "description": "Permission to delete hris"
            },
            {
                "id": "2da8eb45-27fa-440d-8749-d69efcab4ed9",
                "name": "hris:update",
                "resource": null,
                "action": null,
                "description": "Permission to update hris"
            },
            {
                "id": "3e5e8c8c-50a8-4d18-908f-0189de86cf81",
                "name": "hris:create",
                "resource": null,
                "action": null,
                "description": "Permission to create hris"
            },
            {
                "id": "b6dc5c4f-7b90-46e2-a99c-87085d403c96",
                "name": "hris:read",
                "resource": null,
                "action": null,
                "description": "Permission to read hris"
            }
        ],
        "totalPages": 1,
        "currentPage": 1
    }
}
]]></system-out>
  </testcase>
  <testcase name="testCreatePermission" classname="com.juaracoding.PermissionManagement" time="0.115">
    <system-out><![CDATA[{
    "success": true,
    "message": "Permission created successfully",
    "data": {
        "id": "b6841cf0-7685-4a69-9157-8e63086903c0",
        "name": "Create Employee",
        "resource": null,
        "action": null,
        "description": "Izin untuk membuat data employee"
    }
}
ID Permission yang didapat: b6841cf0-7685-4a69-9157-8e63086903c0
]]></system-out>
  </testcase>
  <testcase name="testGetPermissionById" classname="com.juaracoding.PermissionManagement" time="0.096">
    <system-out><![CDATA[{
    "success": true,
    "message": "Permission fetched successfully",
    "data": {
        "id": "b6841cf0-7685-4a69-9157-8e63086903c0",
        "name": "Create Employee",
        "resource": null,
        "action": null,
        "description": "Izin untuk membuat data employee"
    }
}
]]></system-out>
  </testcase>
  <testcase name="testUpdatePermission" classname="com.juaracoding.PermissionManagement" time="0.122">
    <system-out><![CDATA[{
    "success": true,
    "message": "Permission updated successfully",
    "data": {
        "id": "b6841cf0-7685-4a69-9157-8e63086903c0",
        "name": "Update Employee",
        "resource": null,
        "action": null,
        "description": "Izin untuk memperbarui data employee"
    }
}
]]></system-out>
  </testcase>
  <testcase name="testDeletePermission" classname="com.juaracoding.PermissionManagement" time="0.115">
    <system-out><![CDATA[{
    "success": true,
    "message": "Permission deleted successfully",
    "data": null
}
]]></system-out>
  </testcase>
  <testcase name="testGetRole" classname="com.juaracoding.RoleManagement" time="0.259">
    <system-out><![CDATA[{
    "success": true,
    "message": "Permission created successfully",
    "data": {
        "id": "49846a7b-9c37-495b-adc3-5c3067c44976",
        "name": "Create Employee",
        "resource": null,
        "action": null,
        "description": "Izin untuk membuat data employee"
    }
}
ID Permission yang didapat: 49846a7b-9c37-495b-adc3-5c3067c44976
{
    "success": true,
    "message": "Roles fetched successfully",
    "data": {
        "totalItems": 2,
        "data": [
            {
                "id": "fb1f325e-f843-458a-ac7d-500e2a5d5949",
                "name": "ROLE_USER",
                "description": "Standard user with read-only access",
                "permissions": [
                    {
                        "id": "b6dc5c4f-7b90-46e2-a99c-87085d403c96",
                        "name": "hris:read",
                        "resource": null,
                        "action": null,
                        "description": "Permission to read hris"
                    },
                    {
                        "id": "1df7be4b-2dbe-48a9-862b-4e3a99963f67",
                        "name": "core:read",
                        "resource": null,
                        "action": null,
                        "description": "Permission to read core"
                    }
                ],
                "createdAt": null,
                "updatedAt": null
            },
            {
                "id": "4a01d371-68da-4f13-8032-5914571ddf6b",
                "name": "ROLE_ADMIN",
                "description": "Administrator with full access",
                "permissions": [
                    {
                        "id": "3e5e8c8c-50a8-4d18-908f-0189de86cf81",
                        "name": "hris:create",
                        "resource": null,
                        "action": null,
                        "description": "Permission to create hris"
                    },
                    {
                        "id": "b6dc5c4f-7b90-46e2-a99c-87085d403c96",
                        "name": "hris:read",
                        "resource": null,
                        "action": null,
                        "description": "Permission to read hris"
                    },
                    {
                        "id": "198b4c62-d820-423e-8943-c84059e45d48",
                        "name": "core:delete",
                        "resource": null,
                        "action": null,
                        "description": "Permission to delete core"
                    },
                    {
                        "id": "1df7be4b-2dbe-48a9-862b-4e3a99963f67",
                        "name": "core:read",
                        "resource": null,
                        "action": null,
                        "description": "Permission to read core"
                    },
                    {
                        "id": "2da8eb45-27fa-440d-8749-d69efcab4ed9",
                        "name": "hris:update",
                        "resource": null,
                        "action": null,
                        "description": "Permission to update hris"
                    },
                    {
                        "id": "99556626-66f7-4371-9bf8-cc2cf561a539",
                        "name": "core:create",
                        "resource": null,
                        "action": null,
                        "description": "Permission to create core"
                    },
                    {
                        "id": "cd7be85d-424a-40d2-9f6f-156a8849570f",
                        "name": "core:update",
                        "resource": null,
                        "action": null,
                        "description": "Permission to update core"
                    },
                    {
                        "id": "264c8af9-096f-4936-a87d-55e9260ee828",
                        "name": "hris:delete",
                        "resource": null,
                        "action": null,
                        "description": "Permission to delete hris"
                    }
                ],
                "createdAt": null,
                "updatedAt": null
            }
        ],
        "totalPages": 1,
        "currentPage": 1
    }
}
]]></system-out>
  </testcase>
  <testcase name="testCreateRole" classname="com.juaracoding.RoleManagement" time="0.017">
    <system-out><![CDATA[{
    "success": true,
    "message": "Role created successfully",
    "data": {
        "id": "d77cb363-f43d-4fe0-8786-0d7c2f1e8240",
        "name": "ahmad suki1778076010787",
        "description": "Role untuk testing API",
        "permissions": [
            {
                "id": "49846a7b-9c37-495b-adc3-5c3067c44976",
                "name": "Create Employee",
                "resource": null,
                "action": null,
                "description": "Izin untuk membuat data employee"
            }
        ],
        "createdAt": null,
        "updatedAt": null
    }
}
ID Role yang didapat: d77cb363-f43d-4fe0-8786-0d7c2f1e8240
]]></system-out>
  </testcase>
  <testcase name="testGetRoleById" classname="com.juaracoding.RoleManagement" time="0.072">
    <system-out><![CDATA[{
    "success": true,
    "message": "Role fetched successfully",
    "data": {
        "id": "d77cb363-f43d-4fe0-8786-0d7c2f1e8240",
        "name": "ahmad suki1778076010787",
        "description": "Role untuk testing API",
        "permissions": [
            {
                "id": "49846a7b-9c37-495b-adc3-5c3067c44976",
                "name": "Create Employee",
                "resource": null,
                "action": null,
                "description": "Izin untuk membuat data employee"
            }
        ],
        "createdAt": null,
        "updatedAt": null
    }
}
]]></system-out>
  </testcase>
  <testcase name="testUpdateRole" classname="com.juaracoding.RoleManagement" time="0.113">
    <system-out><![CDATA[{
    "success": true,
    "message": "Role updated successfully",
    "data": {
        "id": "d77cb363-f43d-4fe0-8786-0d7c2f1e8240",
        "name": "ahmad suki updated1778076011034",
        "description": "Role untuk testing API - Updated",
        "permissions": [
            {
                "id": "49846a7b-9c37-495b-adc3-5c3067c44976",
                "name": "Create Employee",
                "resource": null,
                "action": null,
                "description": "Izin untuk membuat data employee"
            }
        ],
        "createdAt": null,
        "updatedAt": null
    }
}
]]></system-out>
  </testcase>
  <testcase name="testDeleteRole" classname="com.juaracoding.RoleManagement" time="0.1">
    <system-out><![CDATA[{
    "success": true,
    "message": "Role deleted successfully",
    "data": null
}
]]></system-out>
  </testcase>
  <testcase name="testGetUser" classname="com.juaracoding.UserManagement" time="0.134">
    <system-out><![CDATA[{
    "success": true,
    "message": "Permission deleted successfully",
    "data": null
}
{
    "success": true,
    "message": "Users fetched successfully",
    "data": {
        "pageInfo": {
            "totalElements": 5,
            "totalPages": 1,
            "currentPage": 1,
            "pageSize": 10
        },
        "content": [
            {
                "active": true,
                "email": "johndoe1778064251002@example.com",
                "fullName": "John Doe",
                "id": "b092be65-9b8a-4763-899b-377377dd0c87",
                "ipAddress": null,
                "lastAccess": null,
                "photo": null,
                "roles": [
                    "ROLE_USER"
                ],
                "username": "NIP1778064251"
            },
            {
                "active": true,
                "email": "johndoe1778064172659@example.com",
                "fullName": "John Doe",
                "id": "087142de-a4b8-4b8b-9a9b-4ba41eb472e8",
                "ipAddress": null,
                "lastAccess": null,
                "photo": null,
                "roles": [
                    "ROLE_USER"
                ],
                "username": "NIP1778064172"
            },
            {
                "active": true,
                "email": "johndoe1778064129335@example.com",
                "fullName": "John Doe",
                "id": "49dffdbc-f873-413a-915f-8aaace10d3fc",
                "ipAddress": null,
                "lastAccess": null,
                "photo": null,
                "roles": [
                    "ROLE_USER"
                ],
                "username": "NIP1778064129"
            },
            {
                "active": true,
                "email": "user@ptdika.com",
                "fullName": "Regular Employee",
                "id": "4e2854fd-a2e8-49d8-8060-5e1d27a22f99",
                "ipAddress": "182.9.1.126",
                "lastAccess": "2026-05-06T21:00:09.545993",
                "photo": null,
                "roles": [
                    "ROLE_USER"
                ],
                "username": "user"
            },
            {
                "active": true,
                "email": "admin@ptdika.com",
                "fullName": "Admin Updated",
                "id": "af4b61c0-6a47-4217-8ac6-5a2042b4a88a",
                "ipAddress": "182.9.1.126",
                "lastAccess": "2026-05-06T21:00:09.14321",
                "photo": "https://devops.juaracoding.com/hris/uploads/profile_admin_b7f23a62-c1cd-4311-bed7-38b487137d27.jpeg",
                "roles": [
                    "ROLE_ADMIN"
                ],
                "username": "admin"
            }
        ]
    }
}
]]></system-out>
  </testcase>
  <testcase name="testAddUser" classname="com.juaracoding.UserManagement" time="0.374">
    <system-out><![CDATA[{
    "success": true,
    "message": "User created successfully",
    "data": {
        "active": true,
        "email": "suki1778076011570@example.com",
        "fullName": "Suki ahmad",
        "id": "db6769e7-682d-45f6-9525-5dc89af48a94",
        "ipAddress": null,
        "lastAccess": null,
        "photo": null,
        "roles": [
            "ROLE_USER"
        ],
        "username": "Suki1778076011570"
    }
}
ID User yang didapat: db6769e7-682d-45f6-9525-5dc89af48a94
]]></system-out>
  </testcase>
  <testcase name="testGetUserById" classname="com.juaracoding.UserManagement" time="0.102">
    <system-out><![CDATA[{
    "success": true,
    "message": "User fetched successfully",
    "data": {
        "active": true,
        "email": "suki1778076011570@example.com",
        "fullName": "Suki ahmad",
        "id": "db6769e7-682d-45f6-9525-5dc89af48a94",
        "ipAddress": null,
        "lastAccess": null,
        "photo": null,
        "roles": [
            "ROLE_USER"
        ],
        "username": "Suki1778076011570"
    }
}
]]></system-out>
  </testcase>
  <testcase name="testUpdateUser" classname="com.juaracoding.UserManagement" time="0.305">
    <system-out><![CDATA[{
    "success": true,
    "message": "User updated successfully",
    "data": {
        "active": true,
        "email": "sukiupdated1778076012029@example.com",
        "fullName": "Suki Ahmad Updated",
        "id": "db6769e7-682d-45f6-9525-5dc89af48a94",
        "ipAddress": null,
        "lastAccess": null,
        "photo": null,
        "roles": [
            "ROLE_USER"
        ],
        "username": "SukiUpdated1778076012029"
    }
}
]]></system-out>
  </testcase>
  <testcase name="testDeleteUser" classname="com.juaracoding.UserManagement" time="0.099">
    <system-out><![CDATA[{
    "success": true,
    "message": "User deleted successfully",
    "data": null
}
]]></system-out>
  </testcase>
  <testcase name="testGetEmployee" classname="com.juaracoding.Employee" time="0.096">
    <system-out><![CDATA[Department ID: c0de78e3-afdb-4da3-8576-f2f2f9481ddb
Position ID: 9136a3f2-9231-40af-8d64-c0971c0af1ed
{
    "success": true,
    "message": "Employees fetched successfully",
    "data": {
        "pageInfo": {
            "totalElements": 1,
            "totalPages": 1,
            "currentPage": 1,
            "pageSize": 10
        },
        "content": [
            {
                "address": "123 Main St, City",
                "department": {
                    "description": "QA Department for Software Testing",
                    "id": "5fbbe2c1-6b5b-4a5a-8962-ef40ae58e17e",
                    "name": "Quality Assurance 1778062354826"
                },
                "email": "johndoe1778064129335@example.com",
                "fullName": "John Doe",
                "id": "55e66ccc-34fc-43d1-a122-d39f942b2bd8",
                "ktp": "1231778064129335",
                "nip": "NIP1778064129",
                "phone": "08123456789",
                "photo": null,
                "position": {
                    "description": "Medasdasfdsfdjsfsdfsd",
                    "id": "5ed7f5b2-2b3d-4879-a2f1-8ebbd0f8193c",
                    "name": "QA Engineer"
                }
            }
        ]
    }
}
]]></system-out>
  </testcase>
  <testcase name="testAddEmployee" classname="com.juaracoding.Employee" time="0.124">
    <system-out><![CDATA[{
    "success": true,
    "message": "Employee created successfully",
    "data": {
        "address": "Jl. Contoh No. 123, Jakarta",
        "department": {
            "description": "Dept untuk testing",
            "id": "c0de78e3-afdb-4da3-8576-f2f2f9481ddb",
            "name": "IT Department 1778076012505"
        },
        "email": "suki1778076012837@example.com",
        "fullName": "Suki 1778076012837",
        "id": "61f1f265-925c-44cb-af2f-6d1d75235a3d",
        "ktp": "1231778076012837",
        "nip": "NIP1778076012837",
        "phone": "081234567890",
        "photo": null,
        "position": {
            "description": "Posisi untuk testing",
            "id": "9136a3f2-9231-40af-8d64-c0971c0af1ed",
            "name": "UI Engineer 1778076012635"
        }
    }
}
ID Employee: 61f1f265-925c-44cb-af2f-6d1d75235a3d
]]></system-out>
  </testcase>
  <testcase name="testGetEmployeeById" classname="com.juaracoding.Employee" time="0.093">
    <system-out><![CDATA[{
    "success": true,
    "message": "Employee fetched successfully",
    "data": {
        "address": "Jl. Contoh No. 123, Jakarta",
        "department": {
            "description": "Dept untuk testing",
            "id": "c0de78e3-afdb-4da3-8576-f2f2f9481ddb",
            "name": "IT Department 1778076012505"
        },
        "email": "suki1778076012837@example.com",
        "fullName": "Suki 1778076012837",
        "id": "61f1f265-925c-44cb-af2f-6d1d75235a3d",
        "ktp": "1231778076012837",
        "nip": "NIP1778076012837",
        "phone": "081234567890",
        "photo": null,
        "position": {
            "description": "Posisi untuk testing",
            "id": "9136a3f2-9231-40af-8d64-c0971c0af1ed",
            "name": "UI Engineer 1778076012635"
        }
    }
}
]]></system-out>
  </testcase>
  <testcase name="testUpdateEmployee" classname="com.juaracoding.Employee" time="0.112">
    <system-out><![CDATA[{
    "success": true,
    "message": "Employee updated successfully",
    "data": {
        "address": "Jl. Contoh No. 123, Jakarta",
        "department": {
            "description": "Dept untuk testing",
            "id": "c0de78e3-afdb-4da3-8576-f2f2f9481ddb",
            "name": "IT Department 1778076012505"
        },
        "email": "suki.updated1778076013056@example.com",
        "fullName": "Suki Updated",
        "id": "61f1f265-925c-44cb-af2f-6d1d75235a3d",
        "ktp": "1231778076012837",
        "nip": "NIP1778076013056",
        "phone": "081234567890",
        "photo": null,
        "position": {
            "description": "Posisi untuk testing",
            "id": "9136a3f2-9231-40af-8d64-c0971c0af1ed",
            "name": "UI Engineer 1778076012635"
        }
    }
}
]]></system-out>
  </testcase>
  <testcase name="testDeleteEmployee" classname="com.juaracoding.Employee" time="0.095">
    <system-out><![CDATA[{
    "success": true,
    "message": "Employee deleted successfully",
    "data": null
}
]]></system-out>
  </testcase>
  <testcase name="testGetProfileAdmin" classname="com.juaracoding.UserProfile" time="0.129">
    <system-out><![CDATA[{
    "success": true,
    "message": "Department deleted successfully",
    "data": null
}
{
    "success": true,
    "message": "Position deleted successfully",
    "data": null
}
{
    "success": true,
    "message": "Profile fetched successfully",
    "data": {
        "active": true,
        "email": "admin@ptdika.com",
        "employee": null,
        "fullName": "Admin Updated",
        "id": "af4b61c0-6a47-4217-8ac6-5a2042b4a88a",
        "ipAddress": "182.9.1.126",
        "lastAccess": "2026-05-06T21:00:09.14321",
        "photo": "https://devops.juaracoding.com/hris/uploads/profile_admin_b7f23a62-c1cd-4311-bed7-38b487137d27.jpeg",
        "roles": [
            "ROLE_ADMIN"
        ],
        "username": "admin"
    }
}
]]></system-out>
  </testcase>
  <testcase name="testGetProfileUser" classname="com.juaracoding.UserProfile" time="0.088">
    <system-out><![CDATA[{
    "success": true,
    "message": "Profile fetched successfully",
    "data": {
        "active": true,
        "email": "user@ptdika.com",
        "employee": null,
        "fullName": "Regular Employee",
        "id": "4e2854fd-a2e8-49d8-8060-5e1d27a22f99",
        "ipAddress": "182.9.1.126",
        "lastAccess": "2026-05-06T21:00:09.545993",
        "photo": null,
        "roles": [
            "ROLE_USER"
        ],
        "username": "user"
    }
}
]]></system-out>
  </testcase>
  <testcase name="testGetProfileUnauthorized" classname="com.juaracoding.UserProfile" time="0.227">
    <system-out><![CDATA[{
    "success": false,
    "message": "Unauthorized: Please provide valid credentials",
    "data": null
}
[PASS] Get profile tanpa token - status: 401
]]></system-out>
  </testcase>
  <testcase name="testUpdateProfileAdmin" classname="com.juaracoding.UserProfile" time="0.233">
    <system-out><![CDATA[{
    "success": true,
    "message": "Profile updated successfully",
    "data": {
        "active": true,
        "email": "admin@ptdika.com",
        "employee": null,
        "fullName": "Admin Updated",
        "id": "af4b61c0-6a47-4217-8ac6-5a2042b4a88a",
        "ipAddress": "182.9.1.126",
        "lastAccess": "2026-05-06T21:00:09.14321",
        "photo": "https://devops.juaracoding.com/hris/uploads/profile_admin_248a3a4c-b811-4fcd-b67d-79cdf868b73f.jpeg",
        "roles": [
            "ROLE_ADMIN"
        ],
        "username": "admin"
    }
}
]]></system-out>
  </testcase>
</testsuite>