<?xml version="1.0" encoding="UTF-8"?>
<testsuite xmlns:xsi="http://www.w3.org/2001/XMLSchema-instance" xsi:noNamespaceSchemaLocation="https://maven.apache.org/surefire/maven-surefire-plugin/xsd/surefire-test-report.xsd" version="3.0.1" name="com.juaracoding.Authorization" time="5.502" tests="2" errors="0" skipped="0" failures="0">
  <properties>
[...]
</properties>
  <testcase name="testLoginAdmin" classname="com.juaracoding.Authorization" time="0.449">
    <system-out><![CDATA[=== Login sukses, token didapat ===
user token: eyJhbGciOiJIUzI1NiJ9.eyJzdWIiOiJ1c2VyQHB0ZGlrYS5jb20iLCJleHAiOjE3NzgxNDQyMzgsImlhdCI6MTc3ODA1NzgzOCwianRpIjoiODczNWZiYzUtMDMzMi00YTBkLTliM2QtMjhjZTk2M2E0NDI1Iiwicm9sZXMiOiJST0xFX1VTRVIsY29yZTpyZWFkLGhyaXM6cmVhZCxGQUNUT1JfUEFTU1dPUkQifQ.vM2cW--DA1QSrztFJWrHQjFUtjWdJzMC_dUjKscsEiI
login admin
success: true
message: Login successful
]]></system-out>
    <system-err><![CDATA[SLF4J(W): No SLF4J providers were found.
SLF4J(W): Defaulting to no-operation (NOP) logger implementation
SLF4J(W): See https://www.slf4j.org/codes.html#noProviders for further details.
]]></system-err>
  </testcase>
  <testcase name="testLoginUser" classname="com.juaracoding.Authorization" time="0.358">
    <system-out><![CDATA[login user
success: true
]]></system-out>
  </testcase>
</testsuite>