<?xml version="1.0" encoding="UTF-8"?>
<testng-results ignored="0" total="36" passed="36" failed="0" skipped="0">
  <reporter-output>
  </reporter-output>
  <suite started-at="2026-05-06T21:00:06 WIB" name="HRIS API Test Suite" finished-at="2026-05-06T21:00:14 WIB" duration-ms="7384">
    <groups>
    </groups>
    <test started-at="2026-05-06T21:00:06 WIB" name="Authorization" finished-at="2026-05-06T21:00:07 WIB" duration-ms="982">
      <class name="com.juaracoding.Authorization">
        <test-method signature="testLoginAdmin()[pri:1, instance:com.juaracoding.Authorization@3e2e18f2]" started-at="2026-05-06T21:00:07 WIB" name="testLoginAdmin" description="login admin success" finished-at="2026-05-06T21:00:07 WIB" duration-ms="381" status="PASS">
          <reporter-output>
          </reporter-output>
        </test-method> <!-- testLoginAdmin -->
        <test-method signature="testLoginUser()[pri:2, instance:com.juaracoding.Authorization@3e2e18f2]" started-at="2026-05-06T21:00:07 WIB" name="testLoginUser" description="login user success" finished-at="2026-05-06T21:00:07 WIB" duration-ms="388" status="PASS">
          <reporter-output>
          </reporter-output>
        </test-method> <!-- testLoginUser -->
      </class> <!-- com.juaracoding.Authorization -->
    </test> <!-- Authorization -->
    <test started-at="2026-05-06T21:00:08 WIB" name="Department" finished-at="2026-05-06T21:00:08 WIB" duration-ms="739">
      <class name="com.juaracoding.Department">
        <test-method signature="testGetAllDepartments()[pri:1, instance:com.juaracoding.Department@79924b]" started-at="2026-05-06T21:00:08 WIB" name="testGetAllDepartments" finished-at="2026-05-06T21:00:08 WIB" duration-ms="185" status="PASS">
          <reporter-output>
          </reporter-output>
        </test-method> <!-- testGetAllDepartments -->
        <test-method signature="testAddDepartment()[pri:2, instance:com.juaracoding.Department@79924b]" started-at="2026-05-06T21:00:08 WIB" name="testAddDepartment" description="add data department" finished-at="2026-05-06T21:00:08 WIB" duration-ms="135" status="PASS">
          <reporter-output>
          </reporter-output>
        </test-method> <!-- testAddDepartment -->
        <test-method signature="testGetDepartmentById()[pri:3, instance:com.juaracoding.Department@79924b]" started-at="2026-05-06T21:00:08 WIB" name="testGetDepartmentById" description="get data department by id" finished-at="2026-05-06T21:00:08 WIB" duration-ms="169" status="PASS">
          <reporter-output>
          </reporter-output>
        </test-method> <!-- testGetDepartmentById -->
        <test-method signature="testUpdateDepartment()[pri:4, instance:com.juaracoding.Department@79924b]" started-at="2026-05-06T21:00:08 WIB" name="testUpdateDepartment" description="update data department" finished-at="2026-05-06T21:00:08 WIB" duration-ms="123" status="PASS">
          <reporter-output>
          </reporter-output>
        </test-method> <!-- testUpdateDepartment -->
        <test-method signature="testDeleteDepartment()[pri:5, instance:com.juaracoding.Department@79924b]" started-at="2026-05-06T21:00:08 WIB" name="testDeleteDepartment" description="delete data department" finished-at="2026-05-06T21:00:08 WIB" duration-ms="118" status="PASS">
          <reporter-output>
          </reporter-output>
        </test-method> <!-- testDeleteDepartment -->
      </class> <!-- com.juaracoding.Department -->
    </test> <!-- Department -->
    <test started-at="2026-05-06T21:00:09 WIB" name="Position" finished-at="2026-05-06T21:00:09 WIB" duration-ms="647">
      <class name="com.juaracoding.Position">
        <test-method signature="testGetPosition()[pri:1, instance:com.juaracoding.Position@f6efaab]" started-at="2026-05-06T21:00:09 WIB" name="testGetPosition" description="get all position" finished-at="2026-05-06T21:00:09 WIB" duration-ms="116" status="PASS">
          <reporter-output>
          </reporter-output>
        </test-method> <!-- testGetPosition -->
        <test-method signature="testAddPosition()[pri:2, instance:com.juaracoding.Position@f6efaab]" started-at="2026-05-06T21:00:09 WIB" name="testAddPosition" description="add data position" finished-at="2026-05-06T21:00:09 WIB" duration-ms="145" status="PASS">
          <reporter-output>
          </reporter-output>
        </test-method> <!-- testAddPosition -->
        <test-method signature="testGetPositionById()[pri:3, instance:com.juaracoding.Position@f6efaab]" started-at="2026-05-06T21:00:09 WIB" name="testGetPositionById" description="get data position by id" finished-at="2026-05-06T21:00:09 WIB" duration-ms="173" status="PASS">
          <reporter-output>
          </reporter-output>
        </test-method> <!-- testGetPositionById -->
        <test-method signature="testUpdatePosition()[pri:4, instance:com.juaracoding.Position@f6efaab]" started-at="2026-05-06T21:00:09 WIB" name="testUpdatePosition" description="update data position" finished-at="2026-05-06T21:00:09 WIB" duration-ms="108" status="PASS">
          <reporter-output>
          </reporter-output>
        </test-method> <!-- testUpdatePosition -->
        <test-method signature="testDeletePosition()[pri:5, instance:com.juaracoding.Position@f6efaab]" started-at="2026-05-06T21:00:09 WIB" name="testDeletePosition" description="delete data position" finished-at="2026-05-06T21:00:09 WIB" duration-ms="97" status="PASS">
          <reporter-output>
          </reporter-output>
        </test-method> <!-- testDeletePosition -->
      </class> <!-- com.juaracoding.Position -->
    </test> <!-- Position -->
    <test started-at="2026-05-06T21:00:09 WIB" name="PermissionManagement" finished-at="2026-05-06T21:00:10 WIB" duration-ms="574">
      <class name="com.juaracoding.PermissionManagement">
        <test-method signature="testGetPermission()[pri:1, instance:com.juaracoding.PermissionManagement@6c6cb480]" started-at="2026-05-06T21:00:09 WIB" name="testGetPermission" description="get all permission" finished-at="2026-05-06T21:00:10 WIB" duration-ms="122" status="PASS">
          <reporter-output>
          </reporter-output>
        </test-method> <!-- testGetPermission -->
        <test-method signature="testCreatePermission()[pri:2, instance:com.juaracoding.PermissionManagement@6c6cb480]" started-at="2026-05-06T21:00:10 WIB" name="testCreatePermission" description="create permission" finished-at="2026-05-06T21:00:10 WIB" duration-ms="118" status="PASS">
          <reporter-output>
          </reporter-output>
        </test-method> <!-- testCreatePermission -->
        <test-method signature="testGetPermissionById()[pri:3, instance:com.juaracoding.PermissionManagement@6c6cb480]" started-at="2026-05-06T21:00:10 WIB" name="testGetPermissionById" description="get data permission by id" finished-at="2026-05-06T21:00:10 WIB" duration-ms="95" status="PASS">
          <reporter-output>
          </reporter-output>
        </test-method> <!-- testGetPermissionById -->
        <test-method signature="testUpdatePermission()[pri:4, instance:com.juaracoding.PermissionManagement@6c6cb480]" started-at="2026-05-06T21:00:10 WIB" name="testUpdatePermission" description="update data permission" finished-at="2026-05-06T21:00:10 WIB" duration-ms="113" status="PASS">
          <reporter-output>
          </reporter-output>
        </test-method> <!-- testUpdatePermission -->
        <test-method signature="testDeletePermission()[pri:5, instance:com.juaracoding.PermissionManagement@6c6cb480]" started-at="2026-05-06T21:00:10 WIB" name="testDeletePermission" description="delete data permission" finished-at="2026-05-06T21:00:10 WIB" duration-ms="119" status="PASS">
          <reporter-output>
          </reporter-output>
        </test-method> <!-- testDeletePermission -->
      </class> <!-- com.juaracoding.PermissionManagement -->
    </test> <!-- PermissionManagement -->
    <test started-at="2026-05-06T21:00:10 WIB" name="RoleManagement" finished-at="2026-05-06T21:00:11 WIB" duration-ms="815">
      <class name="com.juaracoding.RoleManagement">
        <test-method is-config="true" signature="initData()[pri:0, instance:com.juaracoding.RoleManagement@2aceadd4]" started-at="2026-05-06T21:00:10 WIB" name="initData" finished-at="2026-05-06T21:00:10 WIB" duration-ms="119" status="PASS">
          <reporter-output>
          </reporter-output>
        </test-method> <!-- initData -->
        <test-method signature="testGetRole()[pri:1, instance:com.juaracoding.RoleManagement@2aceadd4]" started-at="2026-05-06T21:00:10 WIB" name="testGetRole" description="get all role" finished-at="2026-05-06T21:00:10 WIB" duration-ms="110" status="PASS">
          <reporter-output>
          </reporter-output>
        </test-method> <!-- testGetRole -->
        <test-method signature="testCreateRole()[pri:2, instance:com.juaracoding.RoleManagement@2aceadd4]" started-at="2026-05-06T21:00:10 WIB" name="testCreateRole" description="Create role" finished-at="2026-05-06T21:00:10 WIB" duration-ms="146" status="PASS">
          <reporter-output>
          </reporter-output>
        </test-method> <!-- testCreateRole -->
        <test-method signature="testGetRoleById()[pri:3, instance:com.juaracoding.RoleManagement@2aceadd4]" started-at="2026-05-06T21:00:10 WIB" name="testGetRoleById" description="get data role by id" finished-at="2026-05-06T21:00:11 WIB" duration-ms="99" status="PASS">
          <reporter-output>
          </reporter-output>
        </test-method> <!-- testGetRoleById -->
        <test-method signature="testUpdateRole()[pri:4, instance:com.juaracoding.RoleManagement@2aceadd4]" started-at="2026-05-06T21:00:11 WIB" name="testUpdateRole" description="update data role" finished-at="2026-05-06T21:00:11 WIB" duration-ms="129" status="PASS">
          <reporter-output>
          </reporter-output>
        </test-method> <!-- testUpdateRole -->
        <test-method signature="testDeleteRole()[pri:5, instance:com.juaracoding.RoleManagement@2aceadd4]" started-at="2026-05-06T21:00:11 WIB" name="testDeleteRole" description="delete data role" finished-at="2026-05-06T21:00:11 WIB" duration-ms="100" status="PASS">
          <reporter-output>
          </reporter-output>
        </test-method> <!-- testDeleteRole -->
        <test-method is-config="true" signature="cleanData()[pri:0, instance:com.juaracoding.RoleManagement@2aceadd4]" started-at="2026-05-06T21:00:11 WIB" name="cleanData" finished-at="2026-05-06T21:00:11 WIB" duration-ms="108" status="PASS">
          <reporter-output>
          </reporter-output>
        </test-method> <!-- cleanData -->
      </class> <!-- com.juaracoding.RoleManagement -->
    </test> <!-- RoleManagement -->
    <test started-at="2026-05-06T21:00:11 WIB" name="UserManagement" finished-at="2026-05-06T21:00:12 WIB" duration-ms="1019">
      <class name="com.juaracoding.UserManagement">
        <test-method signature="testGetUser()[pri:1, instance:com.juaracoding.UserManagement@1f59a598]" started-at="2026-05-06T21:00:11 WIB" name="testGetUser" description="get all user" finished-at="2026-05-06T21:00:11 WIB" duration-ms="135" status="PASS">
          <reporter-output>
          </reporter-output>
        </test-method> <!-- testGetUser -->
        <test-method signature="testAddUser()[pri:2, instance:com.juaracoding.UserManagement@1f59a598]" started-at="2026-05-06T21:00:11 WIB" name="testAddUser" description="add data user" finished-at="2026-05-06T21:00:11 WIB" duration-ms="359" status="PASS">
          <reporter-output>
          </reporter-output>
        </test-method> <!-- testAddUser -->
        <test-method signature="testGetUserById()[pri:3, instance:com.juaracoding.UserManagement@1f59a598]" started-at="2026-05-06T21:00:11 WIB" name="testGetUserById" description="get data user by id" finished-at="2026-05-06T21:00:12 WIB" duration-ms="99" status="PASS">
          <reporter-output>
          </reporter-output>
        </test-method> <!-- testGetUserById -->
        <test-method signature="testUpdateUser()[pri:4, instance:com.juaracoding.UserManagement@1f59a598]" started-at="2026-05-06T21:00:12 WIB" name="testUpdateUser" description="update data user" finished-at="2026-05-06T21:00:12 WIB" duration-ms="322" status="PASS">
          <reporter-output>
          </reporter-output>
        </test-method> <!-- testUpdateUser -->
        <test-method signature="testDeleteUser()[pri:5, instance:com.juaracoding.UserManagement@1f59a598]" started-at="2026-05-06T21:00:12 WIB" name="testDeleteUser" description="delete data user" finished-at="2026-05-06T21:00:12 WIB" duration-ms="99" status="PASS">
          <reporter-output>
          </reporter-output>
        </test-method> <!-- testDeleteUser -->
      </class> <!-- com.juaracoding.UserManagement -->
    </test> <!-- UserManagement -->
    <test started-at="2026-05-06T21:00:12 WIB" name="Employee" finished-at="2026-05-06T21:00:13 WIB" duration-ms="953">
      <class name="com.juaracoding.Employee">
        <test-method is-config="true" signature="initData()[pri:0, instance:com.juaracoding.Employee@1018bde2]" started-at="2026-05-06T21:00:12 WIB" name="initData" finished-at="2026-05-06T21:00:12 WIB" duration-ms="233" status="PASS">
          <reporter-output>
          </reporter-output>
        </test-method> <!-- initData -->
        <test-method signature="testGetEmployee()[pri:1, instance:com.juaracoding.Employee@1018bde2]" started-at="2026-05-06T21:00:12 WIB" name="testGetEmployee" description="get all employee" finished-at="2026-05-06T21:00:12 WIB" duration-ms="97" status="PASS">
          <reporter-output>
          </reporter-output>
        </test-method> <!-- testGetEmployee -->
        <test-method signature="testAddEmployee()[pri:2, instance:com.juaracoding.Employee@1018bde2]" started-at="2026-05-06T21:00:12 WIB" name="testAddEmployee" description="add data employee" finished-at="2026-05-06T21:00:12 WIB" duration-ms="120" status="PASS">
          <reporter-output>
          </reporter-output>
        </test-method> <!-- testAddEmployee -->
        <test-method signature="testGetEmployeeById()[pri:3, instance:com.juaracoding.Employee@1018bde2]" started-at="2026-05-06T21:00:12 WIB" name="testGetEmployeeById" description="get data employee by id" finished-at="2026-05-06T21:00:13 WIB" duration-ms="96" status="PASS">
          <reporter-output>
          </reporter-output>
        </test-method> <!-- testGetEmployeeById -->
        <test-method signature="testUpdateEmployee()[pri:4, instance:com.juaracoding.Employee@1018bde2]" started-at="2026-05-06T21:00:13 WIB" name="testUpdateEmployee" description="update data employee" finished-at="2026-05-06T21:00:13 WIB" duration-ms="113" status="PASS">
          <reporter-output>
          </reporter-output>
        </test-method> <!-- testUpdateEmployee -->
        <test-method signature="testDeleteEmployee()[pri:5, instance:com.juaracoding.Employee@1018bde2]" started-at="2026-05-06T21:00:13 WIB" name="testDeleteEmployee" description="delete data employee" finished-at="2026-05-06T21:00:13 WIB" duration-ms="94" status="PASS">
          <reporter-output>
          </reporter-output>
        </test-method> <!-- testDeleteEmployee -->
        <test-method is-config="true" signature="cleanData()[pri:0, instance:com.juaracoding.Employee@1018bde2]" started-at="2026-05-06T21:00:13 WIB" name="cleanData" finished-at="2026-05-06T21:00:13 WIB" duration-ms="194" status="PASS">
          <reporter-output>
          </reporter-output>
        </test-method> <!-- cleanData -->
      </class> <!-- com.juaracoding.Employee -->
    </test> <!-- Employee -->
    <test started-at="2026-05-06T21:00:13 WIB" name="UserProfile" finished-at="2026-05-06T21:00:14 WIB" duration-ms="691">
      <class name="com.juaracoding.UserProfile">
        <test-method is-config="true" signature="setup()[pri:0, instance:com.juaracoding.UserProfile@2abf4075]" started-at="2026-05-06T21:00:01 WIB" name="setup" finished-at="2026-05-06T21:00:06 WIB" duration-ms="5369" status="PASS">
          <reporter-output>
          </reporter-output>
        </test-method> <!-- setup -->
        <test-method signature="testGetProfileAdmin()[pri:1, instance:com.juaracoding.UserProfile@2abf4075]" started-at="2026-05-06T21:00:13 WIB" name="testGetProfileAdmin" description="Get profile admin - berhasil" finished-at="2026-05-06T21:00:13 WIB" duration-ms="133" status="PASS">
          <reporter-output>
          </reporter-output>
        </test-method> <!-- testGetProfileAdmin -->
        <test-method signature="testGetProfileUser()[pri:2, instance:com.juaracoding.UserProfile@2abf4075]" started-at="2026-05-06T21:00:13 WIB" name="testGetProfileUser" description="Get profile user biasa - berhasil" finished-at="2026-05-06T21:00:13 WIB" duration-ms="92" status="PASS">
          <reporter-output>
          </reporter-output>
        </test-method> <!-- testGetProfileUser -->
        <test-method signature="testGetProfileUnauthorized()[pri:3, instance:com.juaracoding.UserProfile@2abf4075]" started-at="2026-05-06T21:00:13 WIB" name="testGetProfileUnauthorized" description="Get profile tanpa token - harus 401/403" finished-at="2026-05-06T21:00:13 WIB" duration-ms="91" status="PASS">
          <reporter-output>
          </reporter-output>
        </test-method> <!-- testGetProfileUnauthorized -->
        <test-method signature="testUpdateProfileAdmin()[pri:4, instance:com.juaracoding.UserProfile@2abf4075]" started-at="2026-05-06T21:00:13 WIB" name="testUpdateProfileAdmin" description="Update profile admin - berhasil" finished-at="2026-05-06T21:00:14 WIB" duration-ms="370" status="PASS">
          <reporter-output>
          </reporter-output>
        </test-method> <!-- testUpdateProfileAdmin -->
      </class> <!-- com.juaracoding.UserProfile -->
    </test> <!-- UserProfile -->
  </suite> <!-- HRIS API Test Suite -->
</testng-results>
