<?xml version="1.0" encoding="UTF-8"?>
<!-- Generated by org.testng.reporters.JUnitReportReporter -->
<testsuite hostname="mekbuk.local" failures="0" tests="5" name="com.juaracoding.Position" time="0.555" errors="0" timestamp="2026-05-06T20:35:21 WIB" skipped="0">
  <testcase classname="com.juaracoding.Position" name="testGetPosition" time="0.109"/>
  <testcase classname="com.juaracoding.Position" name="testAddPosition" time="0.113"/>
  <testcase classname="com.juaracoding.Position" name="testGetPositionById" time="0.104"/>
  <testcase classname="com.juaracoding.Position" name="testUpdatePosition" time="0.110"/>
  <testcase classname="com.juaracoding.Position" name="testDeletePosition" time="0.119"/>
</testsuite> <!-- com.juaracoding.Position -->
