<?xml version="1.0" encoding="UTF-8"?>
<!-- Generated by org.testng.reporters.JUnitReportReporter -->
<testsuite hostname="DESKTOP-3TTORD3" failures="0" tests="5" name="com.juaracoding.Employee" time="0.520" errors="0" timestamp="2026-05-06T21:00:14 WIB" skipped="0">
  <testcase classname="com.juaracoding.Employee" name="testGetEmployee" time="0.097"/>
  <testcase classname="com.juaracoding.Employee" name="testAddEmployee" time="0.120"/>
  <testcase classname="com.juaracoding.Employee" name="testGetEmployeeById" time="0.096"/>
  <testcase classname="com.juaracoding.Employee" name="testUpdateEmployee" time="0.113"/>
  <testcase classname="com.juaracoding.Employee" name="testDeleteEmployee" time="0.094"/>
</testsuite> <!-- com.juaracoding.Employee -->
