<?xml version="1.0" encoding="UTF-8"?>
<!-- Generated by org.testng.reporters.JUnitReportReporter -->
<testsuite hostname="DESKTOP-3TTORD3" failures="0" tests="5" name="com.juaracoding.Position" time="0.639" errors="0" timestamp="2026-05-06T21:00:14 WIB" skipped="0">
  <testcase classname="com.juaracoding.Position" name="testGetPosition" time="0.116"/>
  <testcase classname="com.juaracoding.Position" name="testAddPosition" time="0.145"/>
  <testcase classname="com.juaracoding.Position" name="testGetPositionById" time="0.173"/>
  <testcase classname="com.juaracoding.Position" name="testUpdatePosition" time="0.108"/>
  <testcase classname="com.juaracoding.Position" name="testDeletePosition" time="0.097"/>
</testsuite> <!-- com.juaracoding.Position -->
