<?xml version="1.0" encoding="UTF-8"?>
<!-- Generated by org.testng.reporters.JUnitReportReporter -->
<testsuite hostname="mekbuk.local" failures="0" tests="5" name="com.juaracoding.Employee" time="0.625" errors="0" timestamp="2026-05-06T20:35:21 WIB" skipped="0">
  <testcase classname="com.juaracoding.Employee" name="testGetEmployee" time="0.107"/>
  <testcase classname="com.juaracoding.Employee" name="testAddEmployee" time="0.116"/>
  <testcase classname="com.juaracoding.Employee" name="testGetEmployeeById" time="0.104"/>
  <testcase classname="com.juaracoding.Employee" name="testUpdateEmployee" time="0.169"/>
  <testcase classname="com.juaracoding.Employee" name="testDeleteEmployee" time="0.129"/>
</testsuite> <!-- com.juaracoding.Employee -->
