<?xml version="1.0" encoding="UTF-8"?>
<!-- Generated by org.testng.reporters.JUnitReportReporter -->
<testsuite hostname="DESKTOP-3TTORD3" failures="0" tests="5" name="com.juaracoding.UserManagement" time="1.014" errors="0" timestamp="2026-05-06T21:00:14 WIB" skipped="0">
  <testcase classname="com.juaracoding.UserManagement" name="testGetUser" time="0.135"/>
  <testcase classname="com.juaracoding.UserManagement" name="testAddUser" time="0.359"/>
  <testcase classname="com.juaracoding.UserManagement" name="testGetUserById" time="0.099"/>
  <testcase classname="com.juaracoding.UserManagement" name="testUpdateUser" time="0.322"/>
  <testcase classname="com.juaracoding.UserManagement" name="testDeleteUser" time="0.099"/>
</testsuite> <!-- com.juaracoding.UserManagement -->
