<?xml version="1.0" encoding="UTF-8"?>
<!-- Generated by org.testng.reporters.JUnitReportReporter -->
<testsuite hostname="mekbuk.local" failures="0" tests="4" name="com.juaracoding.UserProfile" time="0.456" errors="0" timestamp="2026-05-06T20:35:21 WIB" skipped="0">
  <testcase classname="com.juaracoding.UserProfile" name="testGetProfileAdmin" time="0.107"/>
  <testcase classname="com.juaracoding.UserProfile" name="testGetProfileUser" time="0.099"/>
  <testcase classname="com.juaracoding.UserProfile" name="testGetProfileUnauthorized" time="0.085"/>
  <testcase classname="com.juaracoding.UserProfile" name="testUpdateProfileAdmin" time="0.165"/>
</testsuite> <!-- com.juaracoding.UserProfile -->
