<?xml version="1.0" encoding="UTF-8"?>
<!-- Generated by org.testng.reporters.JUnitReportReporter -->
<testsuite hostname="mekbuk.local" failures="0" tests="5" name="com.juaracoding.PermissionManagement" time="0.577" errors="0" timestamp="2026-05-06T20:35:21 WIB" skipped="0">
  <testcase classname="com.juaracoding.PermissionManagement" name="testGetPermission" time="0.119"/>
  <testcase classname="com.juaracoding.PermissionManagement" name="testCreatePermission" time="0.125"/>
  <testcase classname="com.juaracoding.PermissionManagement" name="testGetPermissionById" time="0.104"/>
  <testcase classname="com.juaracoding.PermissionManagement" name="testUpdatePermission" time="0.109"/>
  <testcase classname="com.juaracoding.PermissionManagement" name="testDeletePermission" time="0.120"/>
</testsuite> <!-- com.juaracoding.PermissionManagement -->
