<?xml version="1.0" encoding="UTF-8"?>
<!-- Generated by org.testng.reporters.JUnitReportReporter -->
<testsuite hostname="DESKTOP-3TTORD3" failures="0" tests="2" name="com.juaracoding.Authorization" time="0.769" errors="0" timestamp="2026-05-06T21:00:14 WIB" skipped="0">
  <testcase classname="com.juaracoding.Authorization" name="testLoginAdmin" time="0.381"/>
  <testcase classname="com.juaracoding.Authorization" name="testLoginUser" time="0.388"/>
</testsuite> <!-- com.juaracoding.Authorization -->
