<?xml version="1.0" encoding="UTF-8"?>
<!-- Generated by org.testng.reporters.JUnitReportReporter -->
<testsuite hostname="DESKTOP-3TTORD3" failures="0" tests="5" name="com.juaracoding.PermissionManagement" time="0.567" errors="0" timestamp="2026-05-06T21:00:14 WIB" skipped="0">
  <testcase classname="com.juaracoding.PermissionManagement" name="testGetPermission" time="0.122"/>
  <testcase classname="com.juaracoding.PermissionManagement" name="testCreatePermission" time="0.118"/>
  <testcase classname="com.juaracoding.PermissionManagement" name="testGetPermissionById" time="0.095"/>
  <testcase classname="com.juaracoding.PermissionManagement" name="testUpdatePermission" time="0.113"/>
  <testcase classname="com.juaracoding.PermissionManagement" name="testDeletePermission" time="0.119"/>
</testsuite> <!-- com.juaracoding.PermissionManagement -->
