<?xml version="1.0" encoding="UTF-8"?>
<!-- Generated by org.testng.reporters.JUnitReportReporter -->
<testsuite hostname="mekbuk.local" failures="0" tests="5" name="com.juaracoding.UserManagement" time="1.035" errors="0" timestamp="2026-05-06T20:35:21 WIB" skipped="0">
  <testcase classname="com.juaracoding.UserManagement" name="testGetUser" time="0.129"/>
  <testcase classname="com.juaracoding.UserManagement" name="testAddUser" time="0.276"/>
  <testcase classname="com.juaracoding.UserManagement" name="testGetUserById" time="0.100"/>
  <testcase classname="com.juaracoding.UserManagement" name="testUpdateUser" time="0.347"/>
  <testcase classname="com.juaracoding.UserManagement" name="testDeleteUser" time="0.183"/>
</testsuite> <!-- com.juaracoding.UserManagement -->
