<?xml version="1.0" encoding="UTF-8"?>
<!-- Generated by org.testng.reporters.JUnitReportReporter -->
<testsuite hostname="DESKTOP-3TTORD3" failures="0" tests="4" name="com.juaracoding.UserProfile" time="0.686" errors="0" timestamp="2026-05-06T21:00:14 WIB" skipped="0">
  <testcase classname="com.juaracoding.UserProfile" name="testGetProfileAdmin" time="0.133"/>
  <testcase classname="com.juaracoding.UserProfile" name="testGetProfileUser" time="0.092"/>
  <testcase classname="com.juaracoding.UserProfile" name="testGetProfileUnauthorized" time="0.091"/>
  <testcase classname="com.juaracoding.UserProfile" name="testUpdateProfileAdmin" time="0.370"/>
</testsuite> <!-- com.juaracoding.UserProfile -->
