<?xml version="1.0" encoding="UTF-8"?>
<!-- Generated by org.testng.reporters.JUnitReportReporter -->
<testsuite hostname="DESKTOP-3TTORD3" failures="0" tests="5" name="com.juaracoding.Department" time="0.730" errors="0" timestamp="2026-05-06T21:00:14 WIB" skipped="0">
  <testcase classname="com.juaracoding.Department" name="testGetAllDepartments" time="0.185"/>
  <testcase classname="com.juaracoding.Department" name="testAddDepartment" time="0.135"/>
  <testcase classname="com.juaracoding.Department" name="testGetDepartmentById" time="0.169"/>
  <testcase classname="com.juaracoding.Department" name="testUpdateDepartment" time="0.123"/>
  <testcase classname="com.juaracoding.Department" name="testDeleteDepartment" time="0.118"/>
</testsuite> <!-- com.juaracoding.Department -->
