<?xml version="1.0" encoding="UTF-8"?>
<!-- Generated by org.testng.reporters.JUnitReportReporter -->
<testsuite hostname="mekbuk.local" failures="0" tests="5" name="com.juaracoding.RoleManagement" time="0.611" errors="0" timestamp="2026-05-06T20:35:21 WIB" skipped="0">
  <testcase classname="com.juaracoding.RoleManagement" name="testGetRole" time="0.117"/>
  <testcase classname="com.juaracoding.RoleManagement" name="testCreateRole" time="0.142"/>
  <testcase classname="com.juaracoding.RoleManagement" name="testGetRoleById" time="0.092"/>
  <testcase classname="com.juaracoding.RoleManagement" name="testUpdateRole" time="0.120"/>
  <testcase classname="com.juaracoding.RoleManagement" name="testDeleteRole" time="0.140"/>
</testsuite> <!-- com.juaracoding.RoleManagement -->
